<?xml version="1.0" encoding="UTF-8"?>
<testsuite name="model.PingPongTest" tests="1" skipped="0" failures="0" errors="0" timestamp="2021-12-02T19:30:00" hostname="debian" time="0.038">
  <properties/>
  <testcase name="runPingPong_replaceMultiplesOf3_ArrayList()" classname="model.PingPongTest" time="0.038"/>
  <system-out><![CDATA[]]></system-out>
  <system-err><![CDATA[]]></system-err>
</testsuite>
